0		li $a0, 256
1		li $v0, 9
2		syscall
3		sw $v0, _buffer
4		jr $ra
5		jal _buffer_init
6		add $fp, $zero, $sp
7		jal _func_main
8		move $a0, $v0
9		li $v0, 17
10		syscall
11		sw $fp, -212($sp)
12		add $fp, $sp, -4
13		add $sp, $fp, -216
14		sw $ra, 0($sp)
15		lw $8, 0($fp)
16		sub $9, $8, 4
17		lw $10, 0($9)
18		lw $11, -4($fp)
19		sub $12, $11, 4
20		lw $13, 0($12)
21		sw $10, -8($fp)
22		ble $10, $13, _end_if_68
23		lw $8, -4($fp)
24		sub $9, $8, 4
25		lw $10, 0($9)
26		sw $10, -8($fp)
27		li $8, 0
28		sw $8, -12($fp)
29		lw $8, -12($fp)
30		lw $9, -8($fp)
31		bge $8, $9, _end_loop_56
32		lw $8, 0($fp)
33		lw $9, -12($fp)
34		add $10, $8, $9
35		lb $11, 0($10)
36		lw $12, -4($fp)
37		add $13, $12, $9
38		lb $14, 0($13)
39		sw $11, -16($fp)
40		sw $14, -20($fp)
41		beq $11, $14, _end_if_69
42		lw $8, -16($fp)
43		lw $9, -20($fp)
44		slt $10, $8, $9
45		move $v0, $10
46		sw $10, -76($fp)
47		b _end_func_____built_in_string_less
48		lw $8, -12($fp)
49		add $8, $8, 1
50		sw $8, -12($fp)
51		b _begin_loop_56
52		lw $8, -4($fp)
53		sub $9, $8, 4
54		lw $10, 0($9)
55		lw $11, -8($fp)
56		slt $12, $11, $10
57		move $v0, $12
58		sw $12, -88($fp)
59		b _end_func_____built_in_string_less
60		lw $ra, 0($sp)
61		add $sp, $fp, 4
62		lw $fp, -208($fp)
63		jr $ra
64		sw $fp, -188($sp)
65		add $fp, $sp, -4
66		add $sp, $fp, -192
67		sw $ra, 0($sp)
68		lw $8, 0($fp)
69		sub $9, $8, 4
70		lw $10, 0($9)
71		lw $11, -4($fp)
72		sub $12, $11, 4
73		lw $13, 0($12)
74		beq $10, $13, _end_if_70
75		move $v0, $zero
76		b _end_func_____built_in_string_equal
77		lw $8, 0($fp)
78		sub $9, $8, 4
79		lw $10, 0($9)
80		li $11, 0
81		sw $10, -12($fp)
82		sw $11, -8($fp)
83		lw $8, -8($fp)
84		lw $9, -12($fp)
85		bge $8, $9, _end_loop_57
86		lw $8, 0($fp)
87		lw $9, -8($fp)
88		add $10, $8, $9
89		lb $11, 0($10)
90		lw $12, -4($fp)
91		add $13, $12, $9
92		lb $14, 0($13)
93		beq $11, $14, _end_if_71
94		move $v0, $zero
95		b _end_func_____built_in_string_equal
96		lw $8, -8($fp)
97		add $8, $8, 1
98		sw $8, -8($fp)
99		b _begin_loop_57
100		li $8, 1
101		move $v0, $8
102		b _end_func_____built_in_string_equal
103		lw $ra, 0($sp)
104		add $sp, $fp, 4
105		lw $fp, -184($fp)
106		jr $ra
107		sw $fp, -188($sp)
108		add $fp, $sp, -4
109		add $sp, $fp, -192
110		sw $ra, 0($sp)
111		lw $8, 0($fp)
112		sub $9, $8, 4
113		lw $10, 0($9)
114		lw $11, -4($fp)
115		sub $12, $11, 4
116		lw $13, 0($12)
117		beq $10, $13, _end_if_72
118		li $8, 1
119		move $v0, $8
120		b _end_func_____built_in_string_inequal
121		lw $8, 0($fp)
122		sub $9, $8, 4
123		lw $10, 0($9)
124		li $11, 0
125		sw $10, -12($fp)
126		sw $11, -8($fp)
127		lw $8, -8($fp)
128		lw $9, -12($fp)
129		bge $8, $9, _end_loop_58
130		lw $8, 0($fp)
131		lw $9, -8($fp)
132		add $10, $8, $9
133		lb $11, 0($10)
134		lw $12, -4($fp)
135		add $13, $12, $9
136		lb $14, 0($13)
137		beq $11, $14, _end_if_73
138		li $8, 1
139		move $v0, $8
140		b _end_func_____built_in_string_inequal
141		lw $8, -8($fp)
142		add $8, $8, 1
143		sw $8, -8($fp)
144		b _begin_loop_58
145		move $v0, $zero
146		b _end_func_____built_in_string_inequal
147		lw $ra, 0($sp)
148		add $sp, $fp, 4
149		lw $fp, -184($fp)
150		jr $ra
151		sw $fp, -132($sp)
152		add $fp, $sp, -4
153		add $sp, $fp, -136
154		sw $ra, 0($sp)
155		lw $8, -4($fp)
156		sw $8, -4($sp)
157		lw $9, 0($fp)
158		sw $9, -8($sp)
159	jal _func_____built_in_string_less
160		sw $v0, -8($fp)
161		lw $8, -8($fp)
162		move $v0, $8
163		b _end_func_____built_in_string_greater
164		lw $ra, 0($sp)
165		add $sp, $fp, 4
166		lw $fp, -128($fp)
167		jr $ra
168		sw $fp, -220($sp)
169		add $fp, $sp, -4
170		add $sp, $fp, -224
171		sw $ra, 0($sp)
172		lw $8, 0($fp)
173		sub $9, $8, 4
174		lw $10, 0($9)
175		lw $11, -4($fp)
176		sub $12, $11, 4
177		lw $13, 0($12)
178		sw $10, -8($fp)
179		ble $10, $13, _end_if_74
180		lw $8, -4($fp)
181		sub $9, $8, 4
182		lw $10, 0($9)
183		sw $10, -8($fp)
184		li $8, 0
185		sw $8, -12($fp)
186		lw $8, -12($fp)
187		lw $9, -8($fp)
188		bge $8, $9, _end_loop_59
189		lw $8, 0($fp)
190		lw $9, -12($fp)
191		add $10, $8, $9
192		lb $11, 0($10)
193		lw $12, -4($fp)
194		add $13, $12, $9
195		lb $14, 0($13)
196		sw $11, -16($fp)
197		sw $14, -20($fp)
198		beq $11, $14, _end_if_75
199		lw $8, -16($fp)
200		lw $9, -20($fp)
201		slt $10, $8, $9
202		move $v0, $10
203		sw $10, -76($fp)
204		b _end_func_____built_in_string_less_equal
205		lw $8, -12($fp)
206		add $8, $8, 1
207		sw $8, -12($fp)
208		b _begin_loop_59
209		lw $8, 0($fp)
210		sub $9, $8, 4
211		lw $10, 0($9)
212		lw $11, -4($fp)
213		sub $12, $11, 4
214		lw $13, 0($12)
215		sle $14, $10, $13
216		move $v0, $14
217		sw $14, -96($fp)
218		b _end_func_____built_in_string_less_equal
219		lw $ra, 0($sp)
220		add $sp, $fp, 4
221		lw $fp, -216($fp)
222		jr $ra
223		sw $fp, -132($sp)
224		add $fp, $sp, -4
225		add $sp, $fp, -136
226		sw $ra, 0($sp)
227		lw $8, -4($fp)
228		sw $8, -4($sp)
229		lw $9, 0($fp)
230		sw $9, -8($sp)
231	jal _func_____built_in_string_less_equal
232		sw $v0, -8($fp)
233		lw $8, -8($fp)
234		move $v0, $8
235		b _end_func_____built_in_string_greater_equal
236		lw $ra, 0($sp)
237		add $sp, $fp, 4
238		lw $fp, -128($fp)
239		jr $ra
240		sw $fp, -128($sp)
241		add $fp, $sp, -4
242		add $sp, $fp, -132
243		sw $ra, 0($sp)
244		lw $8, 0($fp)
245		li $v0, 4
246		move $a0, $8
247		syscall
248		la $8, _static_48
249		move $9, $8
250		li $v0, 4
251		move $a0, $9
252		syscall
253		lw $ra, 0($sp)
254		add $sp, $fp, 4
255		lw $fp, -124($fp)
256		jr $ra
257		sw $fp, -236($sp)
258		add $fp, $sp, -4
259		add $sp, $fp, -240
260		sw $ra, 0($sp)
261		lw $8, 0($fp)
262		bne $zero, $8, _end_if_76
263		lw $8, -4($fp)
264		move $v0, $8
265		b _end_func_merge
266		lw $8, -4($fp)
267		bne $zero, $8, _end_if_77
268		lw $8, 0($fp)
269		move $v0, $8
270		b _end_func_merge
271		lw $8, 0($fp)
272		mul $9, $8, 4
273		lw $10, _static_54
274		add $11, $10, $9
275		lw $12, 0($11)
276		lw $13, -4($fp)
277		mul $14, $13, 4
278		add $15, $10, $14
279		lw $16, 0($15)
280		bge $12, $16, _end_if_78
281		lw $8, 0($fp)
282		lw $9, -4($fp)
283		move $10, $8
284		sw $8, -8($fp)
285		sw $9, 0($fp)
286		sw $10, -4($fp)
287		lw $8, 0($fp)
288		mul $9, $8, 4
289		lw $10, _static_53
290		add $11, $10, $9
291		lw $12, 0($11)
292		sw $12, -4($sp)
293		lw $13, -4($fp)
294		sw $13, -8($sp)
295	jal _func_merge
296		sw $v0, -60($fp)
297		lw $8, 0($fp)
298		mul $9, $8, 4
299		lw $10, _static_53
300		add $11, $10, $9
301		lw $12, -60($fp)
302		sw $12, 0($11)
303		mul $13, $8, 4
304		lw $14, _static_52
305		add $15, $14, $13
306		lw $16, 0($15)
307		mul $17, $8, 4
308		add $18, $10, $17
309		lw $19, 0($18)
310		mul $20, $8, 4
311		add $21, $14, $20
312		sw $19, 0($21)
313		mul $22, $8, 4
314		add $23, $10, $22
315		sw $16, 0($23)
316		move $v0, $8
317		sw $16, -12($fp)
318		b _end_func_merge
319		lw $ra, 0($sp)
320		add $sp, $fp, 4
321		lw $fp, -232($fp)
322		jr $ra
323		sw $fp, -444($sp)
324		add $fp, $sp, -4
325		add $sp, $fp, -448
326		sw $ra, 0($sp)
327		li $v0, 5
328		syscall
329		sw $v0, -12($fp)
330		lw $8, -12($fp)
331		sw $8, _static_49
332		li $v0, 5
333		syscall
334		sw $v0, -16($fp)
335		lw $8, -16($fp)
336		sw $8, _static_50
337	jal _func_____built_in_getString
338		sw $v0, -20($fp)
339		lw $8, -20($fp)
340		lw $9, _static_49
341		lw $10, _static_50
342		add $11, $9, $10
343		add $12, $11, 5
344		add $13, $12, 1
345		mul $14, $13, 4
346		li $v0, 9
347		move $a0, $14
348		sw $8, _static_51
349		sw $12, -32($fp)
350		syscall
351		sw $v0, -44($fp)
352		lw $8, -32($fp)
353		lw $9, -44($fp)
354		sw $8, 0($9)
355		add $10, $9, 4
356		lw $11, _static_49
357		lw $12, _static_50
358		add $13, $11, $12
359		add $14, $13, 5
360		add $15, $14, 1
361		mul $16, $15, 4
362		li $v0, 9
363		move $a0, $16
364		sw $10, _static_52
365		sw $14, -60($fp)
366		syscall
367		sw $v0, -72($fp)
368		lw $8, -60($fp)
369		lw $9, -72($fp)
370		sw $8, 0($9)
371		add $10, $9, 4
372		lw $11, _static_49
373		lw $12, _static_50
374		add $13, $11, $12
375		add $14, $13, 5
376		add $15, $14, 1
377		mul $16, $15, 4
378		li $v0, 9
379		move $a0, $16
380		sw $10, _static_53
381		sw $14, -88($fp)
382		syscall
383		sw $v0, -100($fp)
384		lw $8, -88($fp)
385		lw $9, -100($fp)
386		sw $8, 0($9)
387		add $10, $9, 4
388		li $11, 1
389		sw $10, _static_54
390		sw $11, 0($fp)
391		lw $8, 0($fp)
392		lw $9, _static_49
393		bgt $8, $9, _end_loop_60
394		li $v0, 5
395		syscall
396		sw $v0, -124($fp)
397		lw $8, 0($fp)
398		mul $9, $8, 4
399		lw $10, _static_54
400		add $11, $10, $9
401		lw $12, -124($fp)
402		sw $12, 0($11)
403		mul $13, $8, 4
404		lw $14, _static_52
405		add $15, $14, $13
406		sw $zero, 0($15)
407		mul $16, $8, 4
408		lw $17, _static_53
409		add $18, $17, $16
410		sw $zero, 0($18)
411		lw $8, 0($fp)
412		add $8, $8, 1
413		move $8, $8
414		sw $8, 0($fp)
415		b _begin_loop_60
416		li $8, 1
417		sw $8, 0($fp)
418		lw $8, 0($fp)
419		lw $9, _static_50
420		bgt $8, $9, _end_loop_61
421		lw $8, 0($fp)
422		sub $9, $8, 1
423		lw $10, _static_51
424		add $11, $10, $9
425		lb $12, 0($11)
426		lw $13, _static_49
427		add $14, $8, $13
428		mul $15, $14, 4
429		lw $16, _static_54
430		add $17, $16, $15
431		sw $12, 0($17)
432		add $18, $8, $13
433		mul $19, $18, 4
434		lw $20, _static_52
435		add $21, $20, $19
436		sw $zero, 0($21)
437		add $22, $8, $13
438		mul $23, $22, 4
439		lw $24, _static_53
440		add $25, $24, $23
441		sw $zero, 0($25)
442		lw $8, 0($fp)
443		add $8, $8, 1
444		move $8, $8
445		sw $8, 0($fp)
446		b _begin_loop_61
447		li $8, 1
448		lw $9, _static_49
449		add $10, $9, 1
450		li $11, 2
451		sw $8, -4($fp)
452		sw $10, -8($fp)
453		sw $11, 0($fp)
454		lw $8, 0($fp)
455		lw $9, _static_49
456		bgt $8, $9, _end_loop_62
457		lw $8, -4($fp)
458		sw $8, -4($sp)
459		lw $9, 0($fp)
460		sw $9, -8($sp)
461	jal _func_merge
462		sw $v0, -232($fp)
463		lw $8, -232($fp)
464		sw $8, -4($fp)
465		lw $8, 0($fp)
466		add $8, $8, 1
467		move $8, $8
468		sw $8, 0($fp)
469		b _begin_loop_62
470		lw $8, _static_49
471		add $9, $8, 2
472		sw $9, 0($fp)
473		lw $8, _static_49
474		lw $9, _static_50
475		add $10, $8, $9
476		lw $11, 0($fp)
477		bgt $11, $10, _end_loop_63
478		lw $8, -8($fp)
479		sw $8, -4($sp)
480		lw $9, 0($fp)
481		sw $9, -8($sp)
482	jal _func_merge
483		sw $v0, -256($fp)
484		lw $8, -256($fp)
485		sw $8, -8($fp)
486		lw $8, 0($fp)
487		add $8, $8, 1
488		move $8, $8
489		sw $8, 0($fp)
490		b _begin_loop_63
491		lw $8, -4($fp)
492		mul $9, $8, 4
493		lw $10, _static_54
494		add $11, $10, $9
495		lw $12, 0($11)
496		sw $12, -4($sp)
497	jal _func_____built_in_toString
498		sw $v0, -276($fp)
499		lw $8, -276($fp)
500		li $v0, 4
501		move $a0, $8
502		syscall
503		la $8, _static_55
504		move $9, $8
505		li $v0, 4
506		move $a0, $9
507		syscall
508		lw $8, -8($fp)
509		lw $9, _static_49
510		sub $10, $8, $9
511		sub $11, $10, 1
512		sub $12, $8, $9
513		sub $13, $12, 1
514		lw $14, _static_51
515		sw $14, -4($sp)
516		sw $11, -8($sp)
517		sw $13, -12($sp)
518	jal _func_____built_in_substring
519		sw $v0, -308($fp)
520		lw $8, -308($fp)
521		li $v0, 4
522		move $a0, $8
523		syscall
524		la $8, _static_48
525		move $9, $8
526		li $v0, 4
527		move $a0, $9
528		syscall
529		lw $8, -4($fp)
530		sw $8, -4($sp)
531		lw $9, -8($fp)
532		sw $9, -8($sp)
533	jal _func_merge
534		sw $v0, -316($fp)
535		lw $8, -316($fp)
536		sw $8, -4($sp)
537	jal _func_____built_in_toString
538		sw $v0, -320($fp)
539		lw $8, -320($fp)
540		li $v0, 4
541		move $a0, $8
542		syscall
543		la $8, _static_48
544		li $v0, 4
545		move $a0, $8
546		syscall
547		move $v0, $zero
548		b _end_func_main
549		lw $ra, 0($sp)
550		add $sp, $fp, 4
551		lw $fp, -440($fp)
552		jr $ra
553		lb $v0, 0($a0)
554		beqz $v0, _exit_string_copy
555		sb $v0, 0($a1)
556		add $a0, $a0, 1
557		add $a1, $a1, 1
558		j _begin_string_copy
559		sb $zero, 0($a1)
560		jr $ra
561		lw $a0, -4($sp)
562		lw $a1, -8($sp)
563		lw $a2, -12($sp)
564		subu $sp, $sp, 4
565		sw $ra, 0($sp)
566		move $t0, $a0
567		sub $t1, $a2, $a1
568		add $t1, $t1, 1
569		add $a0, $t1, 5
570		li $v0, 9
571		syscall
572		sw $t1, 0($v0)
573		add $v0, $v0, 4
574		add $a0, $t0, $a1
575		add $t2, $t0, $a2
576		lb $t3, 1($t2)
577		sb $zero, 1($t2)
578		move $a1, $v0
579		move $t4, $v0
580		jal _string_copy
581		move $v0, $t4
582		sb $t3, 1($t2)
583		lw $ra, 0($sp)
584		addu $sp, $sp, 4
585		jr $ra
586		move $v0, $a0
587		lb $v1, 0($a0)
588		beqz $v1, _exit_count_string_length
589		add $a0, $a0, 1
590		j _begin_count_string_length
591		sub $v0, $a0, $v0
592		jr $ra
593		subu $sp, $sp, 4
594		sw $ra, 0($sp)
595		lw $a0, _buffer
596		li $a1, 255
597		li $v0, 8
598		syscall
599		jal _count_string_length
600		move $a1, $v0
601		add $a0, $v0, 5
602		li $v0, 9
603		syscall
604		sw $a1, 0($v0)
605		add $v0, $v0, 4
606		lw $a0, _buffer
607		move $a1, $v0
608		move $t0, $v0
609		jal _string_copy
610		move $v0, $t0
611		lw $ra, 0($sp)
612		addu $sp, $sp, 4
613		jr $ra
614		lw $a0, -4($sp)
615		li $v0, 0
616		move $t0, $a0
617		li $t2, 1
618		lb $t1, 0($t0)
619		bgt $t1, 57, _begin_parse_int
620		blt $t1, 48, _begin_parse_int
621		add $t0, $t0, 1
622		j _count_number_pos
623		sub $t0, $t0, 1
624		blt $t0, $a0, _finish_parse_int
625		lb $t1, 0($t0)
626		sub $t1, $t1, 48
627		mul $t1, $t1, $t2
628		add $v0, $v0, $t1
629		mul $t2, $t2, 10
630		sub $t0, $t0, 1
631		j _parsing_int
632		jr $ra
633		lw $a0, -4($sp)
634		lw $a1, -8($sp)
635		subu $sp, $sp, 4
636		sw $ra, 0($sp)
637		move $t2, $a0
638		move $t3, $a1
639		lw $t0, -4($a0)
640		lw $t1, -4($a1)
641		add $t5, $t0, $t1
642		add $a0, $t5, 5
643		li $v0, 9
644		syscall
645		sw $t5, 0($v0)
646		add $v0, $v0, 4
647		move $t4, $v0
648		move $a0, $t2
649		move $a1, $t4
650		jal _string_copy
651		move $a0, $t3
652		add $a1, $t4, $t0
653		jal _string_copy
654		move $v0, $t4
655		lw $ra, 0($sp)
656		addu $sp, $sp, 4
657		jr $ra
658		lw $a0, -4($sp)
659		li $t0, 0
660		bgez $a0, _skip_set_less_than_zero
661		li $t0, 1
662		neg $a0, $a0
663		beqz $a0, _set_zero
664		li $t1, 0
665		move $t2, $a0
666		move $t3, $a0
667		li $t5, 10
668		div $t2, $t5
669		mflo $v0
670		mfhi $v1
671		bgtz $v0, _not_yet
672		bgtz $v1, _not_yet
673		j _yet
674		add $t1, $t1, 1
675		move $t2, $v0
676		j _begin_count_digit
677		beqz $t0, _skip_reserve_neg
678		add $t1, $t1, 1
679		add $a0, $t1, 5
680		li $v0, 9
681		syscall
682		sw $t1, 0($v0)
683		add $v0, $v0, 4
684		add $t1, $t1, $v0
685		sb $zero, 0($t1)
686		sub $t1, $t1, 1
687		div $t3, $t5
688		mfhi $v1
689		add $v1, $v1, 48
690		sb $v1, 0($t1)
691		sub $t1, $t1, 1
692		mflo $t3
693		bnez $t3, _continue_toString
694		beqz $t0, _skip_place_neg
695		li $v1, 45
696		sb $v1, 0($t1)
697		jr $ra
698		li $a0, 6
699		li $v0, 9
700		syscall
701		li $a0, 1
702		sw $a0, 0($v0)
703		add $v0, $v0, 4
704		li $a0, 48
705		sb $a0, 0($v0)
706		jr $ra
